PRT1
101
260
4 0 2 (1454 1024 876 ) (1024 1024 876 ) (1024 1024 -966 ) (1454 1024 -966 ) 
4 0 1 (1024 1024 -966 ) (1024 1024 876 ) (1024 1148 876 ) (1024 1148 -966 ) 
4 1 14 (0 1024 -966 ) (0 1024 876 ) (0 1148 876 ) (0 1148 -966 ) 
4 1 13 (1024 1024 -966 ) (1024 1024 -620 ) (0 1024 -620 ) (0 1024 -966 ) 
4 1 12 (220 1024 -556 ) (0 1024 -556 ) (0 1024 -620 ) (220 1024 -620 ) 
4 1 11 (1024 1024 -620 ) (1024 1024 -556 ) (220 1024 -556 ) (220 1024 -620 ) 
4 1 6 (218 1024 -364 ) (0 1024 -364 ) (0 1024 -556 ) (218 1024 -556 ) 
4 1 5 (220 1024 -364 ) (218 1024 -364 ) (218 1024 -556 ) (220 1024 -556 ) 
4 1 4 (1024 1024 -556 ) (1024 1024 -364 ) (220 1024 -364 ) (220 1024 -556 ) 
4 1 3 (1024 1024 -364 ) (1024 1024 876 ) (0 1024 876 ) (0 1024 -364 ) 
4 2 30 (1454 0 876 ) (1024 0 876 ) (1024 0 -966 ) (1454 0 -966 ) 
4 2 13 (1024 1024 -620 ) (1024 1024 -966 ) (1024 0 -966 ) (1024 0 -620 ) 
4 2 11 (1024 1024 -556 ) (1024 1024 -620 ) (1024 0 -620 ) (1024 0 -556 ) 
4 2 4 (1024 1024 -364 ) (1024 1024 -556 ) (1024 0 -556 ) (1024 0 -364 ) 
4 2 3 (1024 1024 876 ) (1024 1024 -364 ) (1024 0 -364 ) (1024 0 876 ) 
4 3 31 (1024 0 -364 ) (1024 0 876 ) (0 0 876 ) (0 0 -364 ) 
4 3 15 (0 0 -364 ) (0 0 876 ) (0 1024 876 ) (0 1024 -364 ) 
4 3 6 (0 418 -364 ) (0 1024 -364 ) (218 1024 -364 ) (218 418 -364 ) 
4 3 5 (218 418 -364 ) (218 1024 -364 ) (220 1024 -364 ) (220 418 -364 ) 
4 3 4 (1024 1024 -364 ) (1024 0 -364 ) (220 0 -364 ) (220 1024 -364 ) 
4 4 33 (1024 0 -556 ) (1024 0 -436 ) (220 0 -436 ) (220 0 -556 ) 
4 4 32 (1024 0 -436 ) (1024 0 -364 ) (220 0 -364 ) (220 0 -436 ) 
4 4 11 (1024 0 -556 ) (220 0 -556 ) (220 1024 -556 ) (1024 1024 -556 ) 
4 4 5 (220 1024 -556 ) (220 418 -556 ) (220 418 -364 ) (220 1024 -364 ) 
4 5 12 (218 418 -556 ) (218 1024 -556 ) (220 1024 -556 ) (220 418 -556 ) 
4 5 6 (218 1024 -556 ) (218 418 -556 ) (218 418 -364 ) (218 1024 -364 ) 
4 6 17 (0 1024 -436 ) (0 1024 -556 ) (0 418 -556 ) (0 418 -436 ) 
4 6 16 (0 418 -364 ) (0 1024 -364 ) (0 1024 -436 ) (0 418 -436 ) 
4 6 12 (0 418 -556 ) (0 1024 -556 ) (218 1024 -556 ) (218 418 -556 ) 
4 7 18 (0 304 -436 ) (0 416 -436 ) (0 416 -556 ) (0 304 -556 ) 
4 8 20 (0 144 -436 ) (0 288 -436 ) (0 288 -556 ) (0 144 -556 ) 
4 8 9 (218 144 -516 ) (218 144 -436 ) (0 144 -436 ) (0 144 -516 ) 
4 9 21 (0 128 -436 ) (0 144 -436 ) (0 144 -516 ) (0 128 -516 ) 
4 9 10 (218 128 -516 ) (218 128 -436 ) (0 128 -436 ) (0 128 -516 ) 
4 10 40 (101 0 -556 ) (102 0 -556 ) (102 0 -436 ) (101 0 -436 ) 
4 10 39 (102 0 -556 ) (120 0 -556 ) (120 0 -436 ) (102 0 -436 ) 
4 10 44 (0 0 -436 ) (0 0 -556 ) (101 0 -556 ) (101 0 -436 ) 
4 10 36 (120 0 -556 ) (184 0 -556 ) (184 0 -436 ) (120 0 -436 ) 
4 10 34 (184 0 -556 ) (218 0 -556 ) (218 0 -436 ) (184 0 -436 ) 
4 10 22 (0 0 -556 ) (0 0 -436 ) (0 128 -436 ) (0 128 -556 ) 
4 11 50 (1024 0 -620 ) (1024 0 -556 ) (220 0 -556 ) (220 0 -620 ) 
4 11 13 (1024 1024 -620 ) (1024 0 -620 ) (220 0 -620 ) (220 1024 -620 ) 
4 11 12 (220 1024 -620 ) (220 418 -620 ) (220 418 -556 ) (220 1024 -556 ) 
4 12 25 (0 418 -556 ) (0 1024 -556 ) (0 1024 -620 ) (0 418 -620 ) 
4 12 13 (0 418 -620 ) (0 1024 -620 ) (220 1024 -620 ) (220 418 -620 ) 
4 13 51 (1024 0 -966 ) (1024 0 -620 ) (0 0 -620 ) (0 0 -966 ) 
4 13 27 (0 0 -966 ) (0 0 -620 ) (0 1024 -620 ) (0 1024 -966 ) 
4 14 28 (-1024 1024 -966 ) (-1024 1024 876 ) (-1024 1148 876 ) (-1024 1148 -966 ) 
4 14 27 (0 1024 -966 ) (0 1024 -620 ) (-1024 1024 -620 ) (-1024 1024 -966 ) 
4 14 25 (0 1024 -620 ) (0 1024 -556 ) (-220 1024 -556 ) (-220 1024 -620 ) 
4 14 26 (-220 1024 -556 ) (-1024 1024 -556 ) (-1024 1024 -620 ) (-220 1024 -620 ) 
4 14 23 (-218 1024 -364 ) (-220 1024 -364 ) (-220 1024 -556 ) (-218 1024 -556 ) 
4 14 24 (-220 1024 -364 ) (-1024 1024 -364 ) (-1024 1024 -556 ) (-220 1024 -556 ) 
4 14 17 (0 1024 -556 ) (0 1024 -436 ) (-218 1024 -436 ) (-218 1024 -556 ) 
4 14 16 (0 1024 -436 ) (0 1024 -364 ) (-218 1024 -364 ) (-218 1024 -436 ) 
4 14 15 (0 1024 -364 ) (0 1024 876 ) (-1024 1024 876 ) (-1024 1024 -364 ) 
4 15 68 (0 0 -364 ) (0 0 876 ) (-1024 0 876 ) (-1024 0 -364 ) 
4 15 29 (-1024 0 -364 ) (-1024 0 876 ) (-1024 1024 876 ) (-1024 1024 -364 ) 
4 15 23 (-220 418 -364 ) (-220 1024 -364 ) (-218 1024 -364 ) (-218 418 -364 ) 
4 15 24 (-220 0 -364 ) (-1024 0 -364 ) (-1024 1024 -364 ) (-220 1024 -364 ) 
4 15 16 (-218 418 -364 ) (-218 1024 -364 ) (0 1024 -364 ) (0 418 -364 ) 
4 16 23 (-218 418 -364 ) (-218 1024 -364 ) (-218 1024 -436 ) (-218 418 -436 ) 
4 16 17 (-218 418 -436 ) (-218 1024 -436 ) (0 1024 -436 ) (0 418 -436 ) 
4 17 25 (0 1024 -556 ) (0 418 -556 ) (-218 418 -556 ) (-218 1024 -556 ) 
4 17 23 (-218 1024 -556 ) (-218 418 -556 ) (-218 418 -436 ) (-218 1024 -436 ) 
4 18 19 (-176 304 -452 ) (-176 304 -556 ) (-112 304 -556 ) (-112 304 -452 ) 
4 19 20 (-176 288 -452 ) (-176 288 -556 ) (-112 288 -556 ) (-112 288 -452 ) 
4 20 21 (0 144 -436 ) (-218 144 -436 ) (-218 144 -516 ) (0 144 -516 ) 
4 21 22 (0 128 -436 ) (-218 128 -436 ) (-218 128 -516 ) (0 128 -516 ) 
4 22 76 (-184 0 -436 ) (-218 0 -436 ) (-218 0 -556 ) (-184 0 -556 ) 
4 22 73 (-120 0 -436 ) (-184 0 -436 ) (-184 0 -556 ) (-120 0 -556 ) 
4 22 70 (0 0 -556 ) (0 0 -436 ) (-120 0 -436 ) (-120 0 -556 ) 
4 23 25 (-220 418 -556 ) (-220 1024 -556 ) (-218 1024 -556 ) (-218 418 -556 ) 
4 23 24 (-220 1024 -556 ) (-220 418 -556 ) (-220 418 -364 ) (-220 1024 -364 ) 
4 24 78 (-1024 0 -436 ) (-1024 0 -556 ) (-220 0 -556 ) (-220 0 -436 ) 
4 24 69 (-220 0 -364 ) (-1024 0 -364 ) (-1024 0 -436 ) (-220 0 -436 ) 
4 24 29 (-1024 0 -556 ) (-1024 0 -364 ) (-1024 1024 -364 ) (-1024 1024 -556 ) 
4 24 26 (-220 0 -556 ) (-1024 0 -556 ) (-1024 1024 -556 ) (-220 1024 -556 ) 
4 25 27 (-220 418 -620 ) (-220 1024 -620 ) (0 1024 -620 ) (0 418 -620 ) 
4 25 26 (-220 1024 -620 ) (-220 418 -620 ) (-220 418 -556 ) (-220 1024 -556 ) 
4 26 82 (-220 0 -556 ) (-1024 0 -556 ) (-1024 0 -620 ) (-220 0 -620 ) 
4 26 29 (-1024 0 -620 ) (-1024 0 -556 ) (-1024 1024 -556 ) (-1024 1024 -620 ) 
4 26 27 (-220 0 -620 ) (-1024 0 -620 ) (-1024 1024 -620 ) (-220 1024 -620 ) 
4 27 83 (0 0 -966 ) (0 0 -620 ) (-1024 0 -620 ) (-1024 0 -966 ) 
4 27 29 (-1024 0 -966 ) (-1024 0 -620 ) (-1024 1024 -620 ) (-1024 1024 -966 ) 
4 28 29 (-1024 1024 -966 ) (-1024 1024 876 ) (-1352 1024 876 ) (-1352 1024 -966 ) 
4 29 98 (-1024 0 -966 ) (-1024 0 876 ) (-1352 0 876 ) (-1352 0 -966 ) 
4 30 66 (1454 -1024 876 ) (1024 -1024 876 ) (1024 -1024 -966 ) (1454 -1024 -966 ) 
4 30 65 (1024 -1024 -966 ) (1024 -1024 -620 ) (1024 -416 -620 ) (1024 -416 -966 ) 
4 30 63 (1024 -1024 -620 ) (1024 -1024 -556 ) (1024 -416 -556 ) (1024 -416 -620 ) 
4 30 59 (1024 -607.599976 -364 ) (1024 -416 -364 ) (1024 -416 -556 ) (1024 -607.599976 -556 ) 
4 30 55 (1024 -1024 -556 ) (1024 -1024 -364 ) (1024 -607.599976 -364 ) (1024 -607.599976 -556 ) 
4 30 52 (1024 -1024 -364 ) (1024 -1024 876 ) (1024 -416 876 ) (1024 -416 -364 ) 
4 30 51 (1024 0 -620 ) (1024 0 -966 ) (1024 -416 -966 ) (1024 -416 -620 ) 
4 30 50 (1024 0 -556 ) (1024 0 -620 ) (1024 -416 -620 ) (1024 -416 -556 ) 
4 30 47 (1024 -400 -556 ) (1024 -416 -556 ) (1024 -416 -436 ) (1024 -400 -436 ) 
4 30 33 (1024 0 -436 ) (1024 0 -556 ) (1024 -400 -556 ) (1024 -400 -436 ) 
4 30 32 (1024 0 -364 ) (1024 0 -436 ) (1024 -416 -436 ) (1024 -416 -364 ) 
4 30 31 (1024 -416 876 ) (1024 0 876 ) (1024 0 -364 ) (1024 -416 -364 ) 
4 31 68 (0 0 876 ) (0 0 -364 ) (0 -416 -364 ) (0 -416 876 ) 
4 31 53 (0 -416 876 ) (0 -416 -300 ) (294 -416 -300 ) (294 -416 876 ) 
4 31 52 (294 -416 -364 ) (1024 -416 -364 ) (1024 -416 876 ) (294 -416 876 ) 
4 31 32 (1024 -416 -364 ) (220 -416 -364 ) (220 0 -364 ) (1024 0 -364 ) 
4 32 62 (294 -416 -436 ) (301 -416 -436 ) (301 -416 -364 ) (294 -416 -364 ) 
4 32 59 (301 -416 -436 ) (1024 -416 -436 ) (1024 -416 -364 ) (301 -416 -364 ) 
4 32 47 (1024 -416 -436 ) (220 -416 -436 ) (220 -400 -436 ) (1024 -400 -436 ) 
4 32 33 (220 -400 -436 ) (220 0 -436 ) (1024 0 -436 ) (1024 -400 -436 ) 
4 33 50 (220 0 -556 ) (1024 0 -556 ) (1024 -400 -556 ) (220 -400 -556 ) 
4 33 47 (220 -400 -556 ) (1024 -400 -556 ) (1024 -400 -436 ) (220 -400 -436 ) 
4 34 36 (184 0 -556 ) (184 -272 -556 ) (184 -272 -436 ) (184 0 -436 ) 
4 35 38 (184 -288 -556 ) (184 -400 -556 ) (184 -400 -436 ) (184 -288 -436 ) 
4 36 39 (120 0 -556 ) (120 -272 -556 ) (120 -272 -436 ) (120 0 -436 ) 
4 36 37 (120 -272 -452 ) (120 -272 -556 ) (184 -272 -556 ) (184 -272 -452 ) 
4 37 38 (120 -288 -452 ) (120 -288 -556 ) (184 -288 -556 ) (184 -288 -452 ) 
4 38 48 (170 -400 -532 ) (170 -400 -468 ) (120 -400 -468 ) (120 -400 -532 ) 
4 38 45 (120 -288 -556 ) (120 -400 -556 ) (120 -400 -436 ) (120 -288 -436 ) 
4 39 41 (102 -84 -475 ) (102 -84 -436 ) (102 -25 -436 ) (102 -25 -475 ) 
4 39 42 (102 -25 -556 ) (102 -84 -556 ) (102 -84 -523 ) (102 -25 -523 ) 
4 39 40 (102 0 -556 ) (102 -25 -556 ) (102 -25 -436 ) (102 0 -436 ) 
4 39 43 (102 -84 -556 ) (102 -272 -556 ) (102 -272 -436 ) (102 -84 -436 ) 
4 40 41 (101 -25 -436 ) (101 -25 -475 ) (102 -25 -475 ) (102 -25 -436 ) 
4 40 42 (101 -25 -523 ) (101 -25 -556 ) (102 -25 -556 ) (102 -25 -523 ) 
4 40 44 (101 0 -556 ) (101 -25 -556 ) (101 -25 -436 ) (101 0 -436 ) 
4 41 43 (101 -84 -436 ) (101 -84 -475 ) (102 -84 -475 ) (102 -84 -436 ) 
4 41 44 (101 -84 -475 ) (101 -84 -436 ) (101 -25 -436 ) (101 -25 -475 ) 
4 42 44 (101 -25 -556 ) (101 -84 -556 ) (101 -84 -523 ) (101 -25 -523 ) 
4 42 43 (101 -84 -523 ) (101 -84 -556 ) (102 -84 -556 ) (102 -84 -523 ) 
4 43 44 (101 -84 -556 ) (101 -272 -556 ) (101 -272 -436 ) (101 -84 -436 ) 
4 44 70 (0 0 -436 ) (0 0 -556 ) (0 -272 -556 ) (0 -272 -436 ) 
4 44 46 (0 -272 -556 ) (40 -272 -556 ) (40 -272 -436 ) (0 -272 -436 ) 
4 45 48 (120 -400 -532 ) (120 -400 -468 ) (72 -400 -468 ) (72 -400 -532 ) 
4 46 71 (0 -272 -556 ) (0 -400 -556 ) (0 -400 -436 ) (0 -272 -436 ) 
4 46 49 (0 -400 -556 ) (24 -400 -556 ) (24 -400 -448 ) (0 -400 -448 ) 
4 47 62 (294 -416 -556 ) (301 -416 -556 ) (301 -416 -436 ) (294 -416 -436 ) 
4 47 59 (301 -416 -556 ) (1024 -416 -556 ) (1024 -416 -436 ) (301 -416 -436 ) 
4 47 50 (1024 -416 -556 ) (220 -416 -556 ) (220 -400 -556 ) (1024 -400 -556 ) 
4 48 56 (170 -416 -532 ) (170 -416 -468 ) (72 -416 -468 ) (72 -416 -532 ) 
4 49 79 (0 -400 -556 ) (0 -416 -556 ) (0 -416 -448 ) (0 -400 -448 ) 
4 49 55 (0 -416 -448 ) (0 -416 -556 ) (24 -416 -556 ) (24 -416 -448 ) 
4 50 63 (294 -416 -620 ) (1024 -416 -620 ) (1024 -416 -556 ) (294 -416 -556 ) 
4 50 51 (1024 -416 -620 ) (220 -416 -620 ) (220 0 -620 ) (1024 0 -620 ) 
4 51 83 (0 0 -620 ) (0 0 -966 ) (0 -416 -966 ) (0 -416 -620 ) 
4 51 65 (0 -416 -620 ) (0 -416 -966 ) (1024 -416 -966 ) (1024 -416 -620 ) 
4 52 67 (1024 -1024 -364 ) (1024 -1024 876 ) (294 -1024 876 ) (294 -1024 -364 ) 
3 52 62 (294 -416 -364 ) (301 -416 -364 ) (294 -426.500031 -364 ) 
5 52 59 (301 -416 -364 ) (1024 -416 -364 ) (1024 -607.599976 -364 ) (294 -461.599976 -364 ) (294 -426.500031 -364 ) 
4 52 55 (1024 -607.599976 -364 ) (1024 -1024 -364 ) (294 -1024 -364 ) (294 -461.599976 -364 ) 
4 52 53 (294 -454 -300 ) (294 -454 876 ) (294 -416 876 ) (294 -416 -300 ) 
4 52 54 (294 -454 -364 ) (294 -1024 -364 ) (294 -1024 876 ) (294 -454 876 ) 
4 53 84 (0 -454 876 ) (0 -416 876 ) (0 -416 -300 ) (0 -454 -300 ) 
4 53 54 (294 -454 -300 ) (294 -454 876 ) (0 -454 876 ) (0 -454 -300 ) 
4 54 85 (0 -1024 -364 ) (0 -1024 876 ) (0 -454 876 ) (0 -454 -364 ) 
4 54 67 (294 -1024 876 ) (0 -1024 876 ) (0 -1024 -364 ) (294 -1024 -364 ) 
3 54 61 (256 -454 -364 ) (266.500000 -454 -364 ) (264.076935 -455.615417 -364 ) 
4 54 60 (266.500000 -454 -364 ) (275.666687 -454 -364 ) (273.352936 -457.470612 -364 ) (264.076935 -455.615417 -364 ) 
4 54 59 (275.666687 -454 -364 ) (294 -454 -364 ) (294 -461.600006 -364 ) (273.352936 -457.470612 -364 ) 
5 54 55 (0 -1024 -364 ) (0 -454 -364 ) (256 -454 -364 ) (294 -461.600006 -364 ) (294 -1024 -364 ) 
4 55 91 (0 -505.200012 -364 ) (0 -416 -364 ) (0 -416 -556 ) (0 -505.199982 -556 ) 
4 55 87 (0 -1024 -556 ) (0 -1024 -364 ) (0 -505.200012 -364 ) (0 -505.199982 -556 ) 
4 55 67 (1024 -1024 -556 ) (1024 -1024 -364 ) (0 -1024 -364 ) (0 -1024 -556 ) 
4 55 64 (294 -1024 -556 ) (0 -1024 -556 ) (0 -624 -556 ) (294 -624 -556 ) 
4 55 63 (1024 -1024 -556 ) (294 -1024 -556 ) (294 -461.600006 -556 ) (1024 -607.599976 -556 ) 
4 55 61 (264.077789 -455.614777 -556 ) (256.001862 -454 -556 ) (256.001862 -454 -364 ) (264.077820 -455.614807 -364 ) 
4 55 60 (273.353394 -457.469910 -556 ) (264.077789 -455.614777 -556 ) (264.077820 -455.614807 -364 ) (273.353394 -457.469910 -364 ) 
4 55 59 (1024 -607.599243 -556 ) (273.353394 -457.469910 -556 ) (273.353394 -457.469910 -364 ) (1024 -607.599243 -364 ) 
4 55 56 (240.998352 -450.998901 -556 ) (66.003906 -416 -556 ) (66.003906 -416 -364 ) (240.998306 -450.998901 -364 ) 
4 56 57 (229 -443.001129 -556 ) (188.499039 -416 -556 ) (188.503906 -416 -364 ) (229 -443 -364 ) 
4 57 58 (221 -431.004211 -556 ) (210.998047 -416 -556 ) (211 -416 -364 ) (221 -431.002350 -364 ) 
5 59 63 (301 -416 -556 ) (1024 -416 -556 ) (1024 -607.599976 -556 ) (294 -461.600006 -556 ) (294 -426.500000 -556 ) 
4 59 62 (300.996094 -416 -556 ) (291.001556 -430.992126 -556 ) (291.001404 -430.992981 -364 ) (300.996735 -416 -364 ) 
4 59 60 (282.993652 -443.004272 -556 ) (273.350525 -457.469299 -556 ) (273.350525 -457.469299 -364 ) (282.994049 -443.003998 -364 ) 
4 60 61 (271.003876 -451 -556 ) (264.078888 -455.615784 -556 ) (264.078888 -455.615784 -364 ) (271.003876 -451 -364 ) 
3 62 63 (294 -416 -556 ) (301 -416 -556 ) (294 -426.500000 -556 ) 
4 63 67 (1024 -1024 -620 ) (1024 -1024 -556 ) (294 -1024 -556 ) (294 -1024 -620 ) 
4 63 65 (294 -416 -620 ) (1024 -416 -620 ) (1024 -1024 -620 ) (294 -1024 -620 ) 
4 63 64 (294 -624 -620 ) (294 -1024 -620 ) (294 -1024 -556 ) (294 -624 -556 ) 
4 64 95 (0 -1024 -620 ) (0 -1024 -556 ) (0 -624 -556 ) (0 -624 -620 ) 
4 64 67 (294 -1024 -556 ) (0 -1024 -556 ) (0 -1024 -620 ) (294 -1024 -620 ) 
4 64 65 (0 -1024 -620 ) (0 -624 -620 ) (294 -624 -620 ) (294 -1024 -620 ) 
4 65 97 (0 -1024 -966 ) (0 -1024 -620 ) (0 -416 -620 ) (0 -416 -966 ) 
4 65 67 (1024 -1024 -966 ) (1024 -1024 -620 ) (0 -1024 -620 ) (0 -1024 -966 ) 
4 66 67 (1024 -1024 876 ) (1024 -1024 -966 ) (1024 -1418 -966 ) (1024 -1418 876 ) 
4 67 99 (0 -1418 876 ) (0 -1024 876 ) (0 -1024 -966 ) (0 -1418 -966 ) 
4 68 98 (-1024 0 876 ) (-1024 0 -364 ) (-1024 -416 -364 ) (-1024 -416 876 ) 
4 68 84 (0 -416 -300 ) (0 -416 876 ) (-294 -416 876 ) (-294 -416 -300 ) 
4 68 86 (-294 -416 876 ) (-1024 -416 876 ) (-1024 -416 -364 ) (-294 -416 -364 ) 
4 68 69 (-220 -416 -364 ) (-1024 -416 -364 ) (-1024 0 -364 ) (-220 0 -364 ) 
4 69 98 (-1024 0 -364 ) (-1024 0 -436 ) (-1024 -416 -436 ) (-1024 -416 -364 ) 
4 69 90 (-294 -416 -364 ) (-301 -416 -364 ) (-301 -416 -436 ) (-294 -416 -436 ) 
4 69 89 (-301 -416 -364 ) (-323.500061 -416 -364 ) (-323.500031 -416 -436 ) (-301 -416 -436 ) 
4 69 88 (-323.500061 -416 -364 ) (-446 -416 -364 ) (-446 -416 -436 ) (-323.500031 -416 -436 ) 
4 69 87 (-446 -416 -364 ) (-1024 -416 -364 ) (-1024 -416 -436 ) (-446 -416 -436 ) 
4 69 81 (-220 -416 -436 ) (-1024 -416 -436 ) (-1024 -400 -436 ) (-220 -400 -436 ) 
4 69 78 (-1024 -400 -436 ) (-1024 0 -436 ) (-220 0 -436 ) (-220 -400 -436 ) 
4 70 73 (-120 0 -556 ) (-120 -272 -556 ) (-120 -272 -436 ) (-120 0 -436 ) 
4 70 71 (-40 -272 -556 ) (0 -272 -556 ) (0 -272 -436 ) (-40 -272 -436 ) 
4 71 79 (-24 -400 -556 ) (0 -400 -556 ) (0 -400 -448 ) (-24 -400 -448 ) 
4 72 80 (-72 -400 -532 ) (-72 -400 -468 ) (-120 -400 -468 ) (-120 -400 -532 ) 
4 72 75 (-120 -288 -556 ) (-120 -400 -556 ) (-120 -400 -436 ) (-120 -288 -436 ) 
4 73 76 (-184 0 -556 ) (-184 -272 -556 ) (-184 -272 -436 ) (-184 0 -436 ) 
4 73 74 (-184 -272 -452 ) (-184 -272 -556 ) (-120 -272 -556 ) (-120 -272 -452 ) 
4 74 75 (-184 -288 -452 ) (-184 -288 -556 ) (-120 -288 -556 ) (-120 -288 -452 ) 
4 75 80 (-120 -400 -532 ) (-120 -400 -468 ) (-170 -400 -468 ) (-170 -400 -532 ) 
4 75 77 (-184 -288 -556 ) (-184 -400 -556 ) (-184 -400 -436 ) (-184 -288 -436 ) 
4 78 98 (-1024 0 -436 ) (-1024 0 -556 ) (-1024 -400 -556 ) (-1024 -400 -436 ) 
4 78 82 (-1024 -400 -556 ) (-1024 0 -556 ) (-220 0 -556 ) (-220 -400 -556 ) 
4 78 81 (-1024 -400 -556 ) (-220 -400 -556 ) (-220 -400 -436 ) (-1024 -400 -436 ) 
4 79 91 (0 -416 -556 ) (0 -416 -448 ) (-24 -416 -448 ) (-24 -416 -556 ) 
4 80 91 (-170 -416 -468 ) (-170 -416 -532 ) (-72 -416 -532 ) (-72 -416 -468 ) 
4 81 98 (-1024 -400 -556 ) (-1024 -416 -556 ) (-1024 -416 -436 ) (-1024 -400 -436 ) 
4 81 90 (-294 -416 -436 ) (-301 -416 -436 ) (-301 -416 -556 ) (-294 -416 -556 ) 
4 81 89 (-301 -416 -436 ) (-323.500061 -416 -436 ) (-323.500031 -416 -556 ) (-301 -416 -556 ) 
4 81 88 (-323.500061 -416 -436 ) (-446 -416 -436 ) (-446 -416 -556 ) (-323.500031 -416 -556 ) 
4 81 87 (-446 -416 -436 ) (-1024 -416 -436 ) (-1024 -416 -556 ) (-446 -416 -556 ) 
4 81 82 (-220 -416 -556 ) (-1024 -416 -556 ) (-1024 -400 -556 ) (-220 -400 -556 ) 
4 82 98 (-1024 0 -556 ) (-1024 0 -620 ) (-1024 -416 -620 ) (-1024 -416 -556 ) 
4 82 96 (-294 -416 -556 ) (-1024 -416 -556 ) (-1024 -416 -620 ) (-294 -416 -620 ) 
4 82 83 (-220 -416 -620 ) (-1024 -416 -620 ) (-1024 0 -620 ) (-220 0 -620 ) 
4 83 98 (-1024 0 -620 ) (-1024 0 -966 ) (-1024 -416 -966 ) (-1024 -416 -620 ) 
4 83 97 (0 -416 -966 ) (0 -416 -620 ) (-1024 -416 -620 ) (-1024 -416 -966 ) 
4 84 85 (-294 -454 876 ) (-294 -454 -300 ) (0 -454 -300 ) (0 -454 876 ) 
4 84 86 (-294 -454 -300 ) (-294 -454 876 ) (-294 -416 876 ) (-294 -416 -300 ) 
4 85 99 (0 -1024 -364 ) (0 -1024 876 ) (-294 -1024 876 ) (-294 -1024 -364 ) 
3 85 93 (-256 -454 -364 ) (-245.500000 -454 -364 ) (-247.923050 -455.615387 -364 ) 
4 85 92 (-245.500000 -454 -364 ) (-236.333313 -454 -364 ) (-238.647034 -457.470581 -364 ) (-247.923050 -455.615387 -364 ) 
4 85 91 (-236.333313 -454 -364 ) (0 -454 -364 ) (0 -505.199982 -364 ) (-238.647034 -457.470581 -364 ) 
5 85 87 (0 -1024 -364 ) (-294 -1024 -364 ) (-294 -454 -364 ) (-256 -454 -364 ) (0 -505.199982 -364 ) 
4 85 86 (-294 -454 -364 ) (-294 -1024 -364 ) (-294 -1024 876 ) (-294 -454 876 ) 
4 86 99 (-294 -1024 876 ) (-1024 -1024 876 ) (-1024 -1024 -364 ) (-294 -1024 -364 ) 
4 86 98 (-1024 -1024 -364 ) (-1024 -1024 876 ) (-1024 -416 876 ) (-1024 -416 -364 ) 
3 86 90 (-301 -416 -364 ) (-294 -416 -364 ) (-294 -426.500000 -364 ) 
4 86 89 (-323.500000 -416 -364 ) (-301 -416 -364 ) (-294 -426.500000 -364 ) (-294 -435.666656 -364 ) 
4 86 88 (-446 -416 -364 ) (-323.500000 -416 -364 ) (-294 -435.666656 -364 ) (-294 -446.399994 -364 ) 
5 86 87 (-294 -1024 -364 ) (-1024 -1024 -364 ) (-1024 -416 -364 ) (-446 -416 -364 ) (-294 -446.399994 -364 ) 
4 87 99 (0 -1024 -556 ) (0 -1024 -364 ) (-1024 -1024 -364 ) (-1024 -1024 -556 ) 
4 87 98 (-1024 -1024 -556 ) (-1024 -1024 -364 ) (-1024 -416 -364 ) (-1024 -416 -556 ) 
4 87 95 (0 -624 -556 ) (0 -1024 -556 ) (-294 -1024 -556 ) (-294 -624 -556 ) 
5 87 96 (-1024 -1024 -556 ) (-1024 -416 -556 ) (-446 -416 -556 ) (-294 -446.399963 -556 ) (-294 -1024 -556 ) 
4 87 93 (-247.922684 -455.615112 -556 ) (-256 -454 -556 ) (-256 -454 -364 ) (-247.923096 -455.615387 -364 ) 
4 87 92 (-238.646820 -457.470276 -556 ) (-247.922684 -455.615112 -556 ) (-247.923096 -455.615387 -364 ) (-238.647049 -457.470612 -364 ) 
4 87 91 (0 -505.199219 -556 ) (-238.646820 -457.470276 -556 ) (-238.647049 -457.470612 -364 ) (0 -505.200012 -364 ) 
4 87 88 (-271 -451 -556 ) (-446 -416 -556 ) (-446 -416 -364 ) (-271 -451 -364 ) 
4 88 96 (-446 -416 -556 ) (-323.500031 -416 -556 ) (-294 -435.666687 -556 ) (-294 -446.399994 -556 ) 
4 88 89 (-282.996887 -443.004669 -556 ) (-323.503906 -416 -556 ) (-323.503906 -416 -364 ) (-282.996887 -443.004669 -364 ) 
4 89 96 (-323.500031 -416 -556 ) (-301 -416 -556 ) (-294 -426.500061 -556 ) (-294 -435.666718 -556 ) 
4 89 90 (-291 -430.995880 -556 ) (-300.998077 -416 -556 ) (-301 -416 -364 ) (-291 -430.997711 -364 ) 
3 90 96 (-301 -416 -556 ) (-294 -416 -556 ) (-294 -426.500061 -556 ) 
4 91 94 (-211.003906 -416 -556 ) (-220.998734 -430.993683 -556 ) (-221 -430.997253 -364 ) (-211.001282 -416 -364 ) 
4 91 92 (-229.003983 -443.002686 -556 ) (-238.647736 -457.469666 -556 ) (-238.647736 -457.469666 -364 ) (-229.002335 -443.001556 -364 ) 
4 92 93 (-241.001114 -451 -556 ) (-247.923553 -455.615265 -556 ) (-247.923553 -455.615265 -364 ) (-241.001114 -451 -364 ) 
4 95 99 (0 -1024 -620 ) (0 -1024 -556 ) (-294 -1024 -556 ) (-294 -1024 -620 ) 
4 95 97 (0 -1024 -620 ) (-294 -1024 -620 ) (-294 -624 -620 ) (0 -624 -620 ) 
4 95 96 (-294 -624 -620 ) (-294 -1024 -620 ) (-294 -1024 -556 ) (-294 -624 -556 ) 
4 96 99 (-294 -1024 -556 ) (-1024 -1024 -556 ) (-1024 -1024 -620 ) (-294 -1024 -620 ) 
4 96 98 (-1024 -1024 -620 ) (-1024 -1024 -556 ) (-1024 -416 -556 ) (-1024 -416 -620 ) 
4 96 97 (-294 -1024 -620 ) (-1024 -1024 -620 ) (-1024 -416 -620 ) (-294 -416 -620 ) 
4 97 99 (0 -1024 -966 ) (0 -1024 -620 ) (-1024 -1024 -620 ) (-1024 -1024 -966 ) 
4 97 98 (-1024 -1024 -966 ) (-1024 -1024 -620 ) (-1024 -416 -620 ) (-1024 -416 -966 ) 
4 98 100 (-1024 -1024 -966 ) (-1024 -1024 876 ) (-1352 -1024 876 ) (-1352 -1024 -966 ) 
4 99 100 (-1024 -1024 876 ) (-1024 -1024 -966 ) (-1024 -1418 -966 ) (-1024 -1418 876 ) 
